<?xml version="1.0" encoding="UTF-8"?>
<testsuite xmlns:xsi="http://www.w3.org/2001/XMLSchema-instance" xsi:noNamespaceSchemaLocation="https://maven.apache.org/surefire/maven-surefire-plugin/xsd/surefire-test-report.xsd" version="3.0.2" name="br.com.dev.esteroliver.pratiler.service.ApplicationTests" time="4.245" tests="1" errors="0" skipped="0" failures="0">
  <properties>
[...]
</properties>
  <testcase name="contextLoads" classname="br.com.dev.esteroliver.pratiler.service.ApplicationTests" time="0.32">
    <system-out><![CDATA[18:01:58.028 [main] INFO org.springframework.test.context.support.AnnotationConfigContextLoaderUtils -- Could not detect default configuration classes for test class [br.com.dev.esteroliver.pratiler.service.ApplicationTests]: ApplicationTests does not declare any static, non-private, non-final, nested classes annotated with @Configuration.
18:01:58.125 [main] INFO org.springframework.boot.test.context.SpringBootTestContextBootstrapper -- Found @SpringBootConfiguration br.com.dev.esteroliver.pratiler.service.Application for test class br.com.dev.esteroliver.pratiler.service.ApplicationTests
18:01:58.302 [main] INFO org.springframework.boot.devtools.restart.RestartApplicationListener -- Restart disabled due to context in which it is running

  .   ____          _            __ _ _
 /\\ / ___'_ __ _ _(_)_ __  __ _ \ \ \ \
( ( )\___ | '_ | '_| | '_ \/ _` | \ \ \ \
 \\/  ___)| |_)| | | | | || (_| |  ) ) ) )
  '  |____| .__|_| |_|_| |_\__, | / / / /
 =========|_|==============|___/=/_/_/_/

 :: Spring Boot ::                (v4.0.1)

2026-01-12T18:01:58.541-03:00  INFO 17590 --- [pratiler.service] [           main] b.c.d.e.p.service.ApplicationTests       : Starting ApplicationTests using Java 25.0.1 with PID 17590 (started by root in /home/ester/Documentos/pratiler.service)
2026-01-12T18:01:58.542-03:00  INFO 17590 --- [pratiler.service] [           main] b.c.d.e.p.service.ApplicationTests       : No active profile set, falling back to 1 default profile: "default"
2026-01-12T18:01:59.092-03:00  INFO 17590 --- [pratiler.service] [           main] .s.d.r.c.RepositoryConfigurationDelegate : Bootstrapping Spring Data JPA repositories in DEFAULT mode.
2026-01-12T18:01:59.110-03:00  INFO 17590 --- [pratiler.service] [           main] .s.d.r.c.RepositoryConfigurationDelegate : Finished Spring Data repository scanning in 10 ms. Found 0 JPA repository interfaces.
2026-01-12T18:01:59.608-03:00 DEBUG 17590 --- [pratiler.service] [           main] o.f.c.i.s.classpath.ClassPathScanner     : Scanning for classpath resources at 'classpath:db/callback' ...
2026-01-12T18:01:59.608-03:00 DEBUG 17590 --- [pratiler.service] [           main] o.f.c.i.s.classpath.ClassPathScanner     : Determining location urls for classpath:db/callback using ClassLoader jdk.internal.loader.ClassLoaders$AppClassLoader@341d43cd ...
2026-01-12T18:01:59.608-03:00 DEBUG 17590 --- [pratiler.service] [           main] o.f.c.i.s.classpath.ClassPathScanner     : Unable to resolve location classpath:db/callback.
2026-01-12T18:01:59.608-03:00 DEBUG 17590 --- [pratiler.service] [           main] o.f.c.i.s.classpath.ClassPathScanner     : Scanning for classpath resources at 'classpath:db/migration' ...
2026-01-12T18:01:59.608-03:00 DEBUG 17590 --- [pratiler.service] [           main] o.f.c.i.s.classpath.ClassPathScanner     : Determining location urls for classpath:db/migration using ClassLoader jdk.internal.loader.ClassLoaders$AppClassLoader@341d43cd ...
2026-01-12T18:01:59.609-03:00 DEBUG 17590 --- [pratiler.service] [           main] o.f.c.i.s.classpath.ClassPathScanner     : Scanning URL: file:/home/ester/Documentos/pratiler.service/target/classes/db/migration
2026-01-12T18:01:59.609-03:00 DEBUG 17590 --- [pratiler.service] [           main] i.s.c.FileSystemClassPathLocationScanner : Scanning starting at classpath root in filesystem: /home/ester/Documentos/pratiler.service/target/classes/
2026-01-12T18:01:59.610-03:00 DEBUG 17590 --- [pratiler.service] [           main] i.s.c.FileSystemClassPathLocationScanner : Scanning for resources in path: /home/ester/Documentos/pratiler.service/target/classes/db/migration (db/migration)
2026-01-12T18:01:59.611-03:00 DEBUG 17590 --- [pratiler.service] [           main] o.f.c.i.s.classpath.ClassPathScanner     : Found resource: db/migration/V1__create_table_autor.sql
2026-01-12T18:01:59.611-03:00 DEBUG 17590 --- [pratiler.service] [           main] o.f.c.i.s.classpath.ClassPathScanner     : Found resource: db/migration/V2__create_table_livro.sql
2026-01-12T18:01:59.611-03:00 DEBUG 17590 --- [pratiler.service] [           main] o.f.c.i.s.classpath.ClassPathScanner     : Scanning for classpath resources at 'classpath:db/migration' ...
2026-01-12T18:01:59.612-03:00 DEBUG 17590 --- [pratiler.service] [           main] o.f.c.i.s.classpath.ClassPathScanner     : Determining location urls for classpath:db/migration using ClassLoader jdk.internal.loader.ClassLoaders$AppClassLoader@341d43cd ...
2026-01-12T18:01:59.612-03:00 DEBUG 17590 --- [pratiler.service] [           main] o.f.c.i.s.classpath.ClassPathScanner     : Scanning URL: file:/home/ester/Documentos/pratiler.service/target/classes/db/migration
2026-01-12T18:01:59.612-03:00 DEBUG 17590 --- [pratiler.service] [           main] o.f.c.i.s.classpath.ClassPathScanner     : Found resource: db/migration/V1__create_table_autor.sql
2026-01-12T18:01:59.612-03:00 DEBUG 17590 --- [pratiler.service] [           main] o.f.c.i.s.classpath.ClassPathScanner     : Found resource: db/migration/V2__create_table_livro.sql
2026-01-12T18:01:59.612-03:00 DEBUG 17590 --- [pratiler.service] [           main] o.f.c.i.s.classpath.ClassPathScanner     : Scanning for classes at classpath:db/migration
2026-01-12T18:01:59.908-03:00 DEBUG 17590 --- [pratiler.service] [           main] o.f.c.i.resource.ResourceNameValidator   : Validating V2__create_table_livro.sql
2026-01-12T18:01:59.909-03:00 DEBUG 17590 --- [pratiler.service] [           main] o.f.c.i.resource.ResourceNameValidator   : Validating V1__create_table_autor.sql
2026-01-12T18:01:59.913-03:00 DEBUG 17590 --- [pratiler.service] [           main] o.f.c.i.database.DatabaseTypeRegister    : Multiple databases found that handle url 'jdbc:postgresql://localhost:5432/db_pratiler': CockroachDB,PostgreSQL
2026-01-12T18:01:59.914-03:00  INFO 17590 --- [pratiler.service] [           main] org.flywaydb.core.FlywayExecutor         : Database: jdbc:postgresql://localhost:5432/db_pratiler (PostgreSQL 16.11)
2026-01-12T18:01:59.914-03:00 DEBUG 17590 --- [pratiler.service] [           main] org.flywaydb.core.FlywayExecutor         : Database Type: PostgreSQL
2026-01-12T18:01:59.914-03:00 DEBUG 17590 --- [pratiler.service] [           main] org.flywaydb.core.FlywayExecutor         : Driver: PostgreSQL JDBC Driver 42.7.8
2026-01-12T18:01:59.914-03:00 DEBUG 17590 --- [pratiler.service] [           main] org.flywaydb.core.FlywayExecutor         : DDL Transactions Supported: true
2026-01-12T18:01:59.915-03:00 DEBUG 17590 --- [pratiler.service] [           main] o.f.c.i.s.SchemaHistoryFactory           : Schemas: public
2026-01-12T18:01:59.916-03:00 DEBUG 17590 --- [pratiler.service] [           main] o.f.c.i.s.SchemaHistoryFactory           : Default schema: null
2026-01-12T18:01:59.924-03:00 DEBUG 17590 --- [pratiler.service] [           main] org.flywaydb.core.FlywayExecutor         : Scanning for script callbacks ...
2026-01-12T18:01:59.927-03:00 DEBUG 17590 --- [pratiler.service] [           main] o.f.c.i.c.SqlScriptCallbackFactory       : Scanning for SQL callbacks ...
2026-01-12T18:01:59.934-03:00 DEBUG 17590 --- [pratiler.service] [           main] o.f.core.internal.command.DbValidate     : Validating migrations ...
2026-01-12T18:01:59.936-03:00 DEBUG 17590 --- [pratiler.service] [           main] o.f.c.a.c.ClassicConfiguration           : CherryPickConfigurationExtension not found
2026-01-12T18:01:59.942-03:00 DEBUG 17590 --- [pratiler.service] [           main] o.f.core.internal.scanner.Scanner        : Filtering out resource: db/migration/V2__create_table_livro.sql (filename: V2__create_table_livro.sql)
2026-01-12T18:01:59.942-03:00 DEBUG 17590 --- [pratiler.service] [           main] o.f.core.internal.scanner.Scanner        : Filtering out resource: db/migration/V1__create_table_autor.sql (filename: V1__create_table_autor.sql)
2026-01-12T18:01:59.943-03:00 DEBUG 17590 --- [pratiler.service] [           main] o.f.core.internal.scanner.Scanner        : Filtering out resource: db/migration/V2__create_table_livro.sql (filename: V2__create_table_livro.sql)
2026-01-12T18:01:59.943-03:00 DEBUG 17590 --- [pratiler.service] [           main] o.f.core.internal.scanner.Scanner        : Filtering out resource: db/migration/V1__create_table_autor.sql (filename: V1__create_table_autor.sql)
2026-01-12T18:01:59.944-03:00 DEBUG 17590 --- [pratiler.service] [           main] o.f.core.internal.scanner.Scanner        : Filtering out resource: db/migration/V2__create_table_livro.sql (filename: V2__create_table_livro.sql)
2026-01-12T18:01:59.944-03:00 DEBUG 17590 --- [pratiler.service] [           main] o.f.core.internal.scanner.Scanner        : Filtering out resource: db/migration/V1__create_table_autor.sql (filename: V1__create_table_autor.sql)
2026-01-12T18:01:59.944-03:00 DEBUG 17590 --- [pratiler.service] [           main] o.f.core.internal.scanner.Scanner        : Filtering out resource: db/migration/V2__create_table_livro.sql (filename: V2__create_table_livro.sql)
2026-01-12T18:01:59.944-03:00 DEBUG 17590 --- [pratiler.service] [           main] o.f.core.internal.scanner.Scanner        : Filtering out resource: db/migration/V1__create_table_autor.sql (filename: V1__create_table_autor.sql)
2026-01-12T18:01:59.957-03:00  INFO 17590 --- [pratiler.service] [           main] o.f.core.internal.command.DbValidate     : Successfully validated 2 migrations (execution time 00:00.022s)
2026-01-12T18:01:59.960-03:00 DEBUG 17590 --- [pratiler.service] [           main] o.f.core.internal.command.DbSchemas      : Skipping creation of existing schema: "public"
2026-01-12T18:02:00.006-03:00 DEBUG 17590 --- [pratiler.service] [           main] o.f.c.a.c.ClassicConfiguration           : CherryPickConfigurationExtension not found
2026-01-12T18:02:00.009-03:00  INFO 17590 --- [pratiler.service] [           main] o.f.core.internal.command.DbMigrate      : Current version of schema "public": 2
2026-01-12T18:02:00.013-03:00  INFO 17590 --- [pratiler.service] [           main] o.f.core.internal.command.DbMigrate      : Schema "public" is up to date. No migration necessary.
2026-01-12T18:02:00.020-03:00 DEBUG 17590 --- [pratiler.service] [           main] org.flywaydb.core.FlywayExecutor         : Memory usage: 37 of 70M
2026-01-12T18:02:00.090-03:00  INFO 17590 --- [pratiler.service] [           main] org.hibernate.orm.jpa                    : HHH008540: Processing PersistenceUnitInfo [name: default]
2026-01-12T18:02:00.132-03:00  INFO 17590 --- [pratiler.service] [           main] org.hibernate.orm.core                   : HHH000001: Hibernate ORM core version 7.2.0.Final
2026-01-12T18:02:00.507-03:00  INFO 17590 --- [pratiler.service] [           main] o.s.o.j.p.SpringPersistenceUnitInfo      : No LoadTimeWeaver setup: ignoring JPA class transformer
2026-01-12T18:02:00.533-03:00  INFO 17590 --- [pratiler.service] [           main] com.zaxxer.hikari.HikariDataSource       : HikariPool-1 - Starting...
2026-01-12T18:02:00.561-03:00  INFO 17590 --- [pratiler.service] [           main] com.zaxxer.hikari.pool.HikariPool        : HikariPool-1 - Added connection org.postgresql.jdbc.PgConnection@5862dda4
2026-01-12T18:02:00.562-03:00  INFO 17590 --- [pratiler.service] [           main] com.zaxxer.hikari.HikariDataSource       : HikariPool-1 - Start completed.
2026-01-12T18:02:00.611-03:00  INFO 17590 --- [pratiler.service] [           main] org.hibernate.orm.connections.pooling    : HHH10001005: Database info:
	Database JDBC URL [jdbc:postgresql://localhost:5432/db_pratiler]
	Database driver: PostgreSQL JDBC Driver
	Database dialect: PostgreSQLDialect
	Database version: 16.11
	Default catalog/schema: db_pratiler/public
	Autocommit mode: undefined/unknown
	Isolation level: READ_COMMITTED [default READ_COMMITTED]
	JDBC fetch size: none
	Pool: DataSourceConnectionProvider
	Minimum pool size: undefined/unknown
	Maximum pool size: undefined/unknown
2026-01-12T18:02:01.311-03:00  INFO 17590 --- [pratiler.service] [           main] org.hibernate.orm.core                   : HHH000489: No JTA platform available (set 'hibernate.transaction.jta.platform' to enable JTA platform integration)
2026-01-12T18:02:01.365-03:00  INFO 17590 --- [pratiler.service] [           main] j.LocalContainerEntityManagerFactoryBean : Initialized JPA EntityManagerFactory for persistence unit 'default'
2026-01-12T18:02:01.442-03:00  WARN 17590 --- [pratiler.service] [           main] JpaBaseConfiguration$JpaWebConfiguration : spring.jpa.open-in-view is enabled by default. Therefore, database queries may be performed during view rendering. Explicitly configure spring.jpa.open-in-view to disable this warning
2026-01-12T18:02:01.784-03:00  INFO 17590 --- [pratiler.service] [           main] b.c.d.e.p.service.ApplicationTests       : Started ApplicationTests in 3.496 seconds (process running for 4.471)
]]></system-out>
    <system-err><![CDATA[Mockito is currently self-attaching to enable the inline-mock-maker. This will no longer work in future releases of the JDK. Please add Mockito as an agent to your build as described in Mockito's documentation: https://javadoc.io/doc/org.mockito/mockito-core/latest/org.mockito/org/mockito/Mockito.html#0.3
WARNING: A Java agent has been loaded dynamically (/root/.m2/repository/net/bytebuddy/byte-buddy-agent/1.17.8/byte-buddy-agent-1.17.8.jar)
WARNING: If a serviceability tool is in use, please run with -XX:+EnableDynamicAgentLoading to hide this warning
WARNING: If a serviceability tool is not in use, please run with -Djdk.instrument.traceUsage for more information
WARNING: Dynamic loading of agents will be disallowed by default in a future release
]]></system-err>
  </testcase>
</testsuite>